CUDA
Sequential 2^10x2^10
Histogram:
╒═══════╤═══════╤═══════╤═══════╤═══════╤═══════╤═══════╤═══════╤═══════╤═══════╤═══════╤═══════╤═══════╤═══════╤═══════╤═══════╤═══════╤═══════╕
│     0 │     1 │     2 │     3 │     4 │     5 │     6 │     7 │     8 │     9 │    10 │    11 │    12 │    13 │    14 │    15 │    16 │    17 │
╞═══════╪═══════╪═══════╪═══════╪═══════╪═══════╪═══════╪═══════╪═══════╪═══════╪═══════╪═══════╪═══════╪═══════╪═══════╪═══════╪═══════╪═══════╡
│ 60944 │ 57570 │ 57293 │ 57687 │ 56858 │ 57298 │ 61642 │ 57604 │ 57642 │ 57372 │ 57721 │ 57414 │ 61328 │ 56987 │ 57448 │ 57095 │ 57138 │ 61535 │
╘═══════╧═══════╧═══════╧═══════╧═══════╧═══════╧═══════╧═══════╧═══════╧═══════╧═══════╧═══════╧═══════╧═══════╧═══════╧═══════╧═══════╧═══════╛
--------------------------------------------------------------------------------
Sequential 2^13x2^13
Histogram:
╒═══════╤═══════╤═══════╤═══════╤═══════╤═══════╤═══════╤═══════╤═══════╤═══════╤═══════╤═══════╤═══════╤═══════╤═══════╤═══════╤═══════╤═══════╕
│     0 │     1 │     2 │     3 │     4 │     5 │     6 │     7 │     8 │     9 │    10 │    11 │    12 │    13 │    14 │    15 │    16 │    17 │
╞═══════╪═══════╪═══════╪═══════╪═══════╪═══════╪═══════╪═══════╪═══════╪═══════╪═══════╪═══════╪═══════╪═══════╪═══════╪═══════╪═══════╪═══════╡
│ 60944 │ 57570 │ 57293 │ 57687 │ 56858 │ 57298 │ 61642 │ 57604 │ 57642 │ 57372 │ 57721 │ 57414 │ 61328 │ 56987 │ 57448 │ 57095 │ 57138 │ 61535 │
╘═══════╧═══════╧═══════╧═══════╧═══════╧═══════╧═══════╧═══════╧═══════╧═══════╧═══════╧═══════╧═══════╧═══════╧═══════╧═══════╧═══════╧═══════╛
Histogram:
╒═══════╤═══════╤═══════╤═══════╤═══════╤═══════╤═══════╤═══════╤═══════╤═══════╤═══════╤═══════╤═══════╤═══════╤═══════╤═══════╤═══════╤═══════╕
│     0 │     1 │     2 │     3 │     4 │     5 │     6 │     7 │     8 │     9 │    10 │    11 │    12 │    13 │    14 │    15 │    16 │    17 │
╞═══════╪═══════╪═══════╪═══════╪═══════╪═══════╪═══════╪═══════╪═══════╪═══════╪═══════╪═══════╪═══════╪═══════╪═══════╪═══════╪═══════╪═══════╡
│ 61754 │ 57323 │ 57237 │ 57534 │ 57701 │ 57660 │ 61191 │ 57314 │ 57328 │ 57639 │ 57429 │ 57196 │ 60617 │ 57176 │ 57309 │ 57365 │ 57600 │ 61203 │
╘═══════╧═══════╧═══════╧═══════╧═══════╧═══════╧═══════╧═══════╧═══════╧═══════╧═══════╧═══════╧═══════╧═══════╧═══════╧═══════╧═══════╧═══════╛
--------------------------------------------------------------------------------
Sequential 2^15x2^15
Histogram:
╒═══════╤═══════╤═══════╤═══════╤═══════╤═══════╤═══════╤═══════╤═══════╤═══════╤═══════╤═══════╤═══════╤═══════╤═══════╤═══════╤═══════╤═══════╕
│     0 │     1 │     2 │     3 │     4 │     5 │     6 │     7 │     8 │     9 │    10 │    11 │    12 │    13 │    14 │    15 │    16 │    17 │
╞═══════╪═══════╪═══════╪═══════╪═══════╪═══════╪═══════╪═══════╪═══════╪═══════╪═══════╪═══════╪═══════╪═══════╪═══════╪═══════╪═══════╪═══════╡
│ 60944 │ 57570 │ 57293 │ 57687 │ 56858 │ 57298 │ 61642 │ 57604 │ 57642 │ 57372 │ 57721 │ 57414 │ 61328 │ 56987 │ 57448 │ 57095 │ 57138 │ 61535 │
╘═══════╧═══════╧═══════╧═══════╧═══════╧═══════╧═══════╧═══════╧═══════╧═══════╧═══════╧═══════╧═══════╧═══════╧═══════╧═══════╧═══════╧═══════╛
Histogram:
╒═══════╤═══════╤═══════╤═══════╤═══════╤═══════╤═══════╤═══════╤═══════╤═══════╤═══════╤═══════╤═══════╤═══════╤═══════╤═══════╤═══════╤═══════╕
│     0 │     1 │     2 │     3 │     4 │     5 │     6 │     7 │     8 │     9 │    10 │    11 │    12 │    13 │    14 │    15 │    16 │    17 │
╞═══════╪═══════╪═══════╪═══════╪═══════╪═══════╪═══════╪═══════╪═══════╪═══════╪═══════╪═══════╪═══════╪═══════╪═══════╪═══════╪═══════╪═══════╡
│ 61377 │ 57556 │ 57220 │ 57381 │ 57216 │ 57322 │ 61534 │ 57557 │ 57373 │ 57295 │ 57212 │ 57230 │ 61296 │ 57576 │ 57423 │ 57221 │ 57019 │ 61768 │
╘═══════╧═══════╧═══════╧═══════╧═══════╧═══════╧═══════╧═══════╧═══════╧═══════╧═══════╧═══════╧═══════╧═══════╧═══════╧═══════╧═══════╧═══════╛
--------------------------------------------------------------------------------
GPU for Small Matrix:
Histogram:
╒═══════╤═══════╤═══════╤═══════╤═══════╤═══════╤═══════╤═══════╤═══════╤═══════╤═══════╤═══════╤═══════╤═══════╤═══════╤═══════╤═══════╤═══════╕
│     0 │     1 │     2 │     3 │     4 │     5 │     6 │     7 │     8 │     9 │    10 │    11 │    12 │    13 │    14 │    15 │    16 │    17 │
╞═══════╪═══════╪═══════╪═══════╪═══════╪═══════╪═══════╪═══════╪═══════╪═══════╪═══════╪═══════╪═══════╪═══════╪═══════╪═══════╪═══════╪═══════╡
│ 60944 │ 57570 │ 57293 │ 57687 │ 56858 │ 57298 │ 61642 │ 57604 │ 57642 │ 57372 │ 57721 │ 57414 │ 61328 │ 56987 │ 57448 │ 57095 │ 57138 │ 61535 │
╘═══════╧═══════╧═══════╧═══════╧═══════╧═══════╧═══════╧═══════╧═══════╧═══════╧═══════╧═══════╧═══════╧═══════╧═══════╧═══════╧═══════╧═══════╛
True
--------------------------------------------------------------------------------
GPU for Medium Matrix:
Histogram:
╒═══════╤═══════╤═══════╤═══════╤═══════╤═══════╤═══════╤═══════╤═══════╤═══════╤═══════╤═══════╤═══════╤═══════╤═══════╤═══════╤═══════╤═══════╕
│     0 │     1 │     2 │     3 │     4 │     5 │     6 │     7 │     8 │     9 │    10 │    11 │    12 │    13 │    14 │    15 │    16 │    17 │
╞═══════╪═══════╪═══════╪═══════╪═══════╪═══════╪═══════╪═══════╪═══════╪═══════╪═══════╪═══════╪═══════╪═══════╪═══════╪═══════╪═══════╪═══════╡
│ 60944 │ 57570 │ 57293 │ 57687 │ 56858 │ 57298 │ 61642 │ 57604 │ 57642 │ 57372 │ 57721 │ 57414 │ 61328 │ 56987 │ 57448 │ 57095 │ 57138 │ 61535 │
╘═══════╧═══════╧═══════╧═══════╧═══════╧═══════╧═══════╧═══════╧═══════╧═══════╧═══════╧═══════╧═══════╧═══════╧═══════╧═══════╧═══════╧═══════╛
Histogram:
╒═══════╤═══════╤═══════╤═══════╤═══════╤═══════╤═══════╤═══════╤═══════╤═══════╤═══════╤═══════╤═══════╤═══════╤═══════╤═══════╤═══════╤═══════╕
│     0 │     1 │     2 │     3 │     4 │     5 │     6 │     7 │     8 │     9 │    10 │    11 │    12 │    13 │    14 │    15 │    16 │    17 │
╞═══════╪═══════╪═══════╪═══════╪═══════╪═══════╪═══════╪═══════╪═══════╪═══════╪═══════╪═══════╪═══════╪═══════╪═══════╪═══════╪═══════╪═══════╡
│ 61754 │ 57323 │ 57237 │ 57534 │ 57701 │ 57660 │ 61191 │ 57314 │ 57328 │ 57639 │ 57429 │ 57196 │ 60617 │ 57176 │ 57309 │ 57365 │ 57600 │ 61203 │
╘═══════╧═══════╧═══════╧═══════╧═══════╧═══════╧═══════╧═══════╧═══════╧═══════╧═══════╧═══════╧═══════╧═══════╧═══════╧═══════╧═══════╧═══════╛
True
--------------------------------------------------------------------------------
GPU for Large Matrix:
Histogram:
╒═══════╤═══════╤═══════╤═══════╤═══════╤═══════╤═══════╤═══════╤═══════╤═══════╤═══════╤═══════╤═══════╤═══════╤═══════╤═══════╤═══════╤═══════╕
│     0 │     1 │     2 │     3 │     4 │     5 │     6 │     7 │     8 │     9 │    10 │    11 │    12 │    13 │    14 │    15 │    16 │    17 │
╞═══════╪═══════╪═══════╪═══════╪═══════╪═══════╪═══════╪═══════╪═══════╪═══════╪═══════╪═══════╪═══════╪═══════╪═══════╪═══════╪═══════╪═══════╡
│ 60944 │ 57570 │ 57293 │ 57687 │ 56858 │ 57298 │ 61642 │ 57604 │ 57642 │ 57372 │ 57721 │ 57414 │ 61328 │ 56987 │ 57448 │ 57095 │ 57138 │ 61535 │
╘═══════╧═══════╧═══════╧═══════╧═══════╧═══════╧═══════╧═══════╧═══════╧═══════╧═══════╧═══════╧═══════╧═══════╧═══════╧═══════╧═══════╧═══════╛
Histogram:
╒═══════╤═══════╤═══════╤═══════╤═══════╤═══════╤═══════╤═══════╤═══════╤═══════╤═══════╤═══════╤═══════╤═══════╤═══════╤═══════╤═══════╤═══════╕
│     0 │     1 │     2 │     3 │     4 │     5 │     6 │     7 │     8 │     9 │    10 │    11 │    12 │    13 │    14 │    15 │    16 │    17 │
╞═══════╪═══════╪═══════╪═══════╪═══════╪═══════╪═══════╪═══════╪═══════╪═══════╪═══════╪═══════╪═══════╪═══════╪═══════╪═══════╪═══════╪═══════╡
│ 61377 │ 57556 │ 57220 │ 57381 │ 57216 │ 57322 │ 61534 │ 57557 │ 57373 │ 57295 │ 57212 │ 57230 │ 61296 │ 57576 │ 57423 │ 57221 │ 57019 │ 61768 │
╘═══════╧═══════╧═══════╧═══════╧═══════╧═══════╧═══════╧═══════╧═══════╧═══════╧═══════╧═══════╧═══════╧═══════╧═══════╧═══════╧═══════╧═══════╛
True
--------------------------------------------------------------------------------
Optimized GPU for Small Matrix:
True
Histogram:
╒═══════╤═══════╤═══════╤═══════╤═══════╤═══════╤═══════╤═══════╤═══════╤═══════╤═══════╤═══════╤═══════╤═══════╤═══════╤═══════╤═══════╤═══════╕
│     0 │     1 │     2 │     3 │     4 │     5 │     6 │     7 │     8 │     9 │    10 │    11 │    12 │    13 │    14 │    15 │    16 │    17 │
╞═══════╪═══════╪═══════╪═══════╪═══════╪═══════╪═══════╪═══════╪═══════╪═══════╪═══════╪═══════╪═══════╪═══════╪═══════╪═══════╪═══════╪═══════╡
│ 60944 │ 57570 │ 57293 │ 57687 │ 56858 │ 57298 │ 61642 │ 57604 │ 57642 │ 57372 │ 57721 │ 57414 │ 61328 │ 56987 │ 57448 │ 57095 │ 57138 │ 61535 │
╘═══════╧═══════╧═══════╧═══════╧═══════╧═══════╧═══════╧═══════╧═══════╧═══════╧═══════╧═══════╧═══════╧═══════╧═══════╧═══════╧═══════╧═══════╛
--------------------------------------------------------------------------------
Optimized GPU for Medium Matrix:
True
Histogram:
╒═══════╤═══════╤═══════╤═══════╤═══════╤═══════╤═══════╤═══════╤═══════╤═══════╤═══════╤═══════╤═══════╤═══════╤═══════╤═══════╤═══════╤═══════╕
│     0 │     1 │     2 │     3 │     4 │     5 │     6 │     7 │     8 │     9 │    10 │    11 │    12 │    13 │    14 │    15 │    16 │    17 │
╞═══════╪═══════╪═══════╪═══════╪═══════╪═══════╪═══════╪═══════╪═══════╪═══════╪═══════╪═══════╪═══════╪═══════╪═══════╪═══════╪═══════╪═══════╡
│ 60944 │ 57570 │ 57293 │ 57687 │ 56858 │ 57298 │ 61642 │ 57604 │ 57642 │ 57372 │ 57721 │ 57414 │ 61328 │ 56987 │ 57448 │ 57095 │ 57138 │ 61535 │
╘═══════╧═══════╧═══════╧═══════╧═══════╧═══════╧═══════╧═══════╧═══════╧═══════╧═══════╧═══════╧═══════╧═══════╧═══════╧═══════╧═══════╧═══════╛
Histogram:
╒═══════╤═══════╤═══════╤═══════╤═══════╤═══════╤═══════╤═══════╤═══════╤═══════╤═══════╤═══════╤═══════╤═══════╤═══════╤═══════╤═══════╤═══════╕
│     0 │     1 │     2 │     3 │     4 │     5 │     6 │     7 │     8 │     9 │    10 │    11 │    12 │    13 │    14 │    15 │    16 │    17 │
╞═══════╪═══════╪═══════╪═══════╪═══════╪═══════╪═══════╪═══════╪═══════╪═══════╪═══════╪═══════╪═══════╪═══════╪═══════╪═══════╪═══════╪═══════╡
│ 61754 │ 57323 │ 57237 │ 57534 │ 57701 │ 57660 │ 61191 │ 57314 │ 57328 │ 57639 │ 57429 │ 57196 │ 60617 │ 57176 │ 57309 │ 57365 │ 57600 │ 61203 │
╘═══════╧═══════╧═══════╧═══════╧═══════╧═══════╧═══════╧═══════╧═══════╧═══════╧═══════╧═══════╧═══════╧═══════╧═══════╧═══════╧═══════╧═══════╛
--------------------------------------------------------------------------------
Optimized GPU for Large Matrix:
Histogram:
╒═══════╤═══════╤═══════╤═══════╤═══════╤═══════╤═══════╤═══════╤═══════╤═══════╤═══════╤═══════╤═══════╤═══════╤═══════╤═══════╤═══════╤═══════╕
│     0 │     1 │     2 │     3 │     4 │     5 │     6 │     7 │     8 │     9 │    10 │    11 │    12 │    13 │    14 │    15 │    16 │    17 │
╞═══════╪═══════╪═══════╪═══════╪═══════╪═══════╪═══════╪═══════╪═══════╪═══════╪═══════╪═══════╪═══════╪═══════╪═══════╪═══════╪═══════╪═══════╡
│ 60944 │ 57570 │ 57293 │ 57687 │ 56858 │ 57298 │ 61642 │ 57604 │ 57642 │ 57372 │ 57721 │ 57414 │ 61328 │ 56987 │ 57448 │ 57095 │ 57138 │ 61535 │
╘═══════╧═══════╧═══════╧═══════╧═══════╧═══════╧═══════╧═══════╧═══════╧═══════╧═══════╧═══════╧═══════╧═══════╧═══════╧═══════╧═══════╧═══════╛
Histogram:
╒═══════╤═══════╤═══════╤═══════╤═══════╤═══════╤═══════╤═══════╤═══════╤═══════╤═══════╤═══════╤═══════╤═══════╤═══════╤═══════╤═══════╤═══════╕
│     0 │     1 │     2 │     3 │     4 │     5 │     6 │     7 │     8 │     9 │    10 │    11 │    12 │    13 │    14 │    15 │    16 │    17 │
╞═══════╪═══════╪═══════╪═══════╪═══════╪═══════╪═══════╪═══════╪═══════╪═══════╪═══════╪═══════╪═══════╪═══════╪═══════╪═══════╪═══════╪═══════╡
│ 61377 │ 57556 │ 57220 │ 57381 │ 57216 │ 57322 │ 61534 │ 57557 │ 57373 │ 57295 │ 57212 │ 57230 │ 61296 │ 57576 │ 57423 │ 57221 │ 57019 │ 61768 │
╘═══════╧═══════╧═══════╧═══════╧═══════╧═══════╧═══════╧═══════╧═══════╧═══════╧═══════╧═══════╧═══════╧═══════╧═══════╧═══════╧═══════╧═══════╛
True
--------------------------------------------------------------------------------
Custom Print Time
Time Taken by Kernels:
╒════════╤═════════════╤═════════════╤══════════════╕
│        │       small │      medium │        large │
╞════════╪═════════════╪═════════════╪══════════════╡
│ python │ 0.0761321   │ 4.49275     │ 70.8159      │
├────────┼─────────────┼─────────────┼──────────────┤
│ naive  │ 0.000420094 │ 0.000236988 │  0.000343084 │
├────────┼─────────────┼─────────────┼──────────────┤
│ opt    │ 0.000196934 │ 0.00013113  │  0.000110865 │
╘════════╧═════════════╧═════════════╧══════════════╛
--------------------------------------------------------------------------------
Custom Print Speedup
Speedup(Naive/Optimized):
╒═══════════════╤════════════════╤═══════════════╕
│   small_image │   medium_image │   large_image │
╞═══════════════╪════════════════╪═══════════════╡
│       2.13317 │        1.80727 │       3.09462 │
╘═══════════════╧════════════════╧═══════════════╛
--------------------------------------------------------------------------------
Custom Histogram Equal
Size 2^10x2^10
All the histograms are equal!!
Size 2^13x2^13
All the histograms are equal!!
Size 2^15x2^15
All the histograms are equal!!
--------------------------------------------------------------------------------
