OPENCL
Sequential 2^10x2^10
Histogram:
╒═══════╤═══════╤═══════╤═══════╤═══════╤═══════╤═══════╤═══════╤═══════╤═══════╤═══════╤═══════╤═══════╤═══════╤═══════╤═══════╤═══════╤═══════╕
│     0 │     1 │     2 │     3 │     4 │     5 │     6 │     7 │     8 │     9 │    10 │    11 │    12 │    13 │    14 │    15 │    16 │    17 │
╞═══════╪═══════╪═══════╪═══════╪═══════╪═══════╪═══════╪═══════╪═══════╪═══════╪═══════╪═══════╪═══════╪═══════╪═══════╪═══════╪═══════╪═══════╡
│ 60944 │ 57570 │ 57293 │ 57687 │ 56858 │ 57298 │ 61642 │ 57604 │ 57642 │ 57372 │ 57721 │ 57414 │ 61328 │ 56987 │ 57448 │ 57095 │ 57138 │ 61535 │
╘═══════╧═══════╧═══════╧═══════╧═══════╧═══════╧═══════╧═══════╧═══════╧═══════╧═══════╧═══════╧═══════╧═══════╧═══════╧═══════╧═══════╧═══════╛
--------------------------------------------------------------------------------
Sequential 2^13x2^13
Histogram:
╒═══════╤═══════╤═══════╤═══════╤═══════╤═══════╤═══════╤═══════╤═══════╤═══════╤═══════╤═══════╤═══════╤═══════╤═══════╤═══════╤═══════╤═══════╕
│     0 │     1 │     2 │     3 │     4 │     5 │     6 │     7 │     8 │     9 │    10 │    11 │    12 │    13 │    14 │    15 │    16 │    17 │
╞═══════╪═══════╪═══════╪═══════╪═══════╪═══════╪═══════╪═══════╪═══════╪═══════╪═══════╪═══════╪═══════╪═══════╪═══════╪═══════╪═══════╪═══════╡
│ 60944 │ 57570 │ 57293 │ 57687 │ 56858 │ 57298 │ 61642 │ 57604 │ 57642 │ 57372 │ 57721 │ 57414 │ 61328 │ 56987 │ 57448 │ 57095 │ 57138 │ 61535 │
╘═══════╧═══════╧═══════╧═══════╧═══════╧═══════╧═══════╧═══════╧═══════╧═══════╧═══════╧═══════╧═══════╧═══════╧═══════╧═══════╧═══════╧═══════╛
Histogram:
╒═══════╤═══════╤═══════╤═══════╤═══════╤═══════╤═══════╤═══════╤═══════╤═══════╤═══════╤═══════╤═══════╤═══════╤═══════╤═══════╤═══════╤═══════╕
│     0 │     1 │     2 │     3 │     4 │     5 │     6 │     7 │     8 │     9 │    10 │    11 │    12 │    13 │    14 │    15 │    16 │    17 │
╞═══════╪═══════╪═══════╪═══════╪═══════╪═══════╪═══════╪═══════╪═══════╪═══════╪═══════╪═══════╪═══════╪═══════╪═══════╪═══════╪═══════╪═══════╡
│ 61754 │ 57323 │ 57237 │ 57534 │ 57701 │ 57660 │ 61191 │ 57314 │ 57328 │ 57639 │ 57429 │ 57196 │ 60617 │ 57176 │ 57309 │ 57365 │ 57600 │ 61203 │
╘═══════╧═══════╧═══════╧═══════╧═══════╧═══════╧═══════╧═══════╧═══════╧═══════╧═══════╧═══════╧═══════╧═══════╧═══════╧═══════╧═══════╧═══════╛
--------------------------------------------------------------------------------
Sequential 2^15x2^15
Histogram:
╒═══════╤═══════╤═══════╤═══════╤═══════╤═══════╤═══════╤═══════╤═══════╤═══════╤═══════╤═══════╤═══════╤═══════╤═══════╤═══════╤═══════╤═══════╕
│     0 │     1 │     2 │     3 │     4 │     5 │     6 │     7 │     8 │     9 │    10 │    11 │    12 │    13 │    14 │    15 │    16 │    17 │
╞═══════╪═══════╪═══════╪═══════╪═══════╪═══════╪═══════╪═══════╪═══════╪═══════╪═══════╪═══════╪═══════╪═══════╪═══════╪═══════╪═══════╪═══════╡
│ 60944 │ 57570 │ 57293 │ 57687 │ 56858 │ 57298 │ 61642 │ 57604 │ 57642 │ 57372 │ 57721 │ 57414 │ 61328 │ 56987 │ 57448 │ 57095 │ 57138 │ 61535 │
╘═══════╧═══════╧═══════╧═══════╧═══════╧═══════╧═══════╧═══════╧═══════╧═══════╧═══════╧═══════╧═══════╧═══════╧═══════╧═══════╧═══════╧═══════╛
Histogram:
╒═══════╤═══════╤═══════╤═══════╤═══════╤═══════╤═══════╤═══════╤═══════╤═══════╤═══════╤═══════╤═══════╤═══════╤═══════╤═══════╤═══════╤═══════╕
│     0 │     1 │     2 │     3 │     4 │     5 │     6 │     7 │     8 │     9 │    10 │    11 │    12 │    13 │    14 │    15 │    16 │    17 │
╞═══════╪═══════╪═══════╪═══════╪═══════╪═══════╪═══════╪═══════╪═══════╪═══════╪═══════╪═══════╪═══════╪═══════╪═══════╪═══════╪═══════╪═══════╡
│ 61377 │ 57556 │ 57220 │ 57381 │ 57216 │ 57322 │ 61534 │ 57557 │ 57373 │ 57295 │ 57212 │ 57230 │ 61296 │ 57576 │ 57423 │ 57221 │ 57019 │ 61768 │
╘═══════╧═══════╧═══════╧═══════╧═══════╧═══════╧═══════╧═══════╧═══════╧═══════╧═══════╧═══════╧═══════╧═══════╧═══════╧═══════╧═══════╧═══════╛
--------------------------------------------------------------------------------
Naive GPU for Small Matrix:
Histogram:
╒═══════╤═══════╤═══════╤═══════╤═══════╤═══════╤═══════╤═══════╤═══════╤═══════╤═══════╤═══════╤═══════╤═══════╤═══════╤═══════╤═══════╤═══════╕
│     0 │     1 │     2 │     3 │     4 │     5 │     6 │     7 │     8 │     9 │    10 │    11 │    12 │    13 │    14 │    15 │    16 │    17 │
╞═══════╪═══════╪═══════╪═══════╪═══════╪═══════╪═══════╪═══════╪═══════╪═══════╪═══════╪═══════╪═══════╪═══════╪═══════╪═══════╪═══════╪═══════╡
│ 60944 │ 57570 │ 57293 │ 57687 │ 56858 │ 57298 │ 61642 │ 57604 │ 57642 │ 57372 │ 57721 │ 57414 │ 61328 │ 56987 │ 57448 │ 57095 │ 57138 │ 61535 │
╘═══════╧═══════╧═══════╧═══════╧═══════╧═══════╧═══════╧═══════╧═══════╧═══════╧═══════╧═══════╧═══════╧═══════╧═══════╧═══════╧═══════╧═══════╛
True
--------------------------------------------------------------------------------
Naive GPU for Medium Matrix:
Histogram:
╒═══════╤═══════╤═══════╤═══════╤═══════╤═══════╤═══════╤═══════╤═══════╤═══════╤═══════╤═══════╤═══════╤═══════╤═══════╤═══════╤═══════╤═══════╕
│     0 │     1 │     2 │     3 │     4 │     5 │     6 │     7 │     8 │     9 │    10 │    11 │    12 │    13 │    14 │    15 │    16 │    17 │
╞═══════╪═══════╪═══════╪═══════╪═══════╪═══════╪═══════╪═══════╪═══════╪═══════╪═══════╪═══════╪═══════╪═══════╪═══════╪═══════╪═══════╪═══════╡
│ 60944 │ 57570 │ 57293 │ 57687 │ 56858 │ 57298 │ 61642 │ 57604 │ 57642 │ 57372 │ 57721 │ 57414 │ 61328 │ 56987 │ 57448 │ 57095 │ 57138 │ 61535 │
╘═══════╧═══════╧═══════╧═══════╧═══════╧═══════╧═══════╧═══════╧═══════╧═══════╧═══════╧═══════╧═══════╧═══════╧═══════╧═══════╧═══════╧═══════╛
Histogram:
╒═══════╤═══════╤═══════╤═══════╤═══════╤═══════╤═══════╤═══════╤═══════╤═══════╤═══════╤═══════╤═══════╤═══════╤═══════╤═══════╤═══════╤═══════╕
│     0 │     1 │     2 │     3 │     4 │     5 │     6 │     7 │     8 │     9 │    10 │    11 │    12 │    13 │    14 │    15 │    16 │    17 │
╞═══════╪═══════╪═══════╪═══════╪═══════╪═══════╪═══════╪═══════╪═══════╪═══════╪═══════╪═══════╪═══════╪═══════╪═══════╪═══════╪═══════╪═══════╡
│ 61754 │ 57323 │ 57237 │ 57534 │ 57701 │ 57660 │ 61191 │ 57314 │ 57328 │ 57639 │ 57429 │ 57196 │ 60617 │ 57176 │ 57309 │ 57365 │ 57600 │ 61203 │
╘═══════╧═══════╧═══════╧═══════╧═══════╧═══════╧═══════╧═══════╧═══════╧═══════╧═══════╧═══════╧═══════╧═══════╧═══════╧═══════╧═══════╧═══════╛
True
--------------------------------------------------------------------------------
Naive GPU for Large Matrix:
Histogram:
╒═══════╤═══════╤═══════╤═══════╤═══════╤═══════╤═══════╤═══════╤═══════╤═══════╤═══════╤═══════╤═══════╤═══════╤═══════╤═══════╤═══════╤═══════╕
│     0 │     1 │     2 │     3 │     4 │     5 │     6 │     7 │     8 │     9 │    10 │    11 │    12 │    13 │    14 │    15 │    16 │    17 │
╞═══════╪═══════╪═══════╪═══════╪═══════╪═══════╪═══════╪═══════╪═══════╪═══════╪═══════╪═══════╪═══════╪═══════╪═══════╪═══════╪═══════╪═══════╡
│ 60944 │ 57570 │ 57293 │ 57687 │ 56858 │ 57298 │ 61642 │ 57604 │ 57642 │ 57372 │ 57721 │ 57414 │ 61328 │ 56987 │ 57448 │ 57095 │ 57138 │ 61535 │
╘═══════╧═══════╧═══════╧═══════╧═══════╧═══════╧═══════╧═══════╧═══════╧═══════╧═══════╧═══════╧═══════╧═══════╧═══════╧═══════╧═══════╧═══════╛
Histogram:
╒═══════╤═══════╤═══════╤═══════╤═══════╤═══════╤═══════╤═══════╤═══════╤═══════╤═══════╤═══════╤═══════╤═══════╤═══════╤═══════╤═══════╤═══════╕
│     0 │     1 │     2 │     3 │     4 │     5 │     6 │     7 │     8 │     9 │    10 │    11 │    12 │    13 │    14 │    15 │    16 │    17 │
╞═══════╪═══════╪═══════╪═══════╪═══════╪═══════╪═══════╪═══════╪═══════╪═══════╪═══════╪═══════╪═══════╪═══════╪═══════╪═══════╪═══════╪═══════╡
│ 61377 │ 57556 │ 57220 │ 57381 │ 57216 │ 57322 │ 61534 │ 57557 │ 57373 │ 57295 │ 57212 │ 57230 │ 61296 │ 57576 │ 57423 │ 57221 │ 57019 │ 61768 │
╘═══════╧═══════╧═══════╧═══════╧═══════╧═══════╧═══════╧═══════╧═══════╧═══════╧═══════╧═══════╧═══════╧═══════╧═══════╧═══════╧═══════╧═══════╛
True
--------------------------------------------------------------------------------
Optimized GPU for Small Matrix:
Histogram:
╒═══════╤═══════╤═══════╤═══════╤═══════╤═══════╤═══════╤═══════╤═══════╤═══════╤═══════╤═══════╤═══════╤═══════╤═══════╤═══════╤═══════╤═══════╕
│     0 │     1 │     2 │     3 │     4 │     5 │     6 │     7 │     8 │     9 │    10 │    11 │    12 │    13 │    14 │    15 │    16 │    17 │
╞═══════╪═══════╪═══════╪═══════╪═══════╪═══════╪═══════╪═══════╪═══════╪═══════╪═══════╪═══════╪═══════╪═══════╪═══════╪═══════╪═══════╪═══════╡
│ 60944 │ 57570 │ 57293 │ 57687 │ 56858 │ 57298 │ 61642 │ 57604 │ 57642 │ 57372 │ 57721 │ 57414 │ 61328 │ 56987 │ 57448 │ 57095 │ 57138 │ 61535 │
╘═══════╧═══════╧═══════╧═══════╧═══════╧═══════╧═══════╧═══════╧═══════╧═══════╧═══════╧═══════╧═══════╧═══════╧═══════╧═══════╧═══════╧═══════╛
True
--------------------------------------------------------------------------------
Optimized GPU for Medium Matrix:
Histogram:
╒═══════╤═══════╤═══════╤═══════╤═══════╤═══════╤═══════╤═══════╤═══════╤═══════╤═══════╤═══════╤═══════╤═══════╤═══════╤═══════╤═══════╤═══════╕
│     0 │     1 │     2 │     3 │     4 │     5 │     6 │     7 │     8 │     9 │    10 │    11 │    12 │    13 │    14 │    15 │    16 │    17 │
╞═══════╪═══════╪═══════╪═══════╪═══════╪═══════╪═══════╪═══════╪═══════╪═══════╪═══════╪═══════╪═══════╪═══════╪═══════╪═══════╪═══════╪═══════╡
│ 60944 │ 57570 │ 57293 │ 57687 │ 56858 │ 57298 │ 61642 │ 57604 │ 57642 │ 57372 │ 57721 │ 57414 │ 61328 │ 56987 │ 57448 │ 57095 │ 57138 │ 61535 │
╘═══════╧═══════╧═══════╧═══════╧═══════╧═══════╧═══════╧═══════╧═══════╧═══════╧═══════╧═══════╧═══════╧═══════╧═══════╧═══════╧═══════╧═══════╛
Histogram:
╒═══════╤═══════╤═══════╤═══════╤═══════╤═══════╤═══════╤═══════╤═══════╤═══════╤═══════╤═══════╤═══════╤═══════╤═══════╤═══════╤═══════╤═══════╕
│     0 │     1 │     2 │     3 │     4 │     5 │     6 │     7 │     8 │     9 │    10 │    11 │    12 │    13 │    14 │    15 │    16 │    17 │
╞═══════╪═══════╪═══════╪═══════╪═══════╪═══════╪═══════╪═══════╪═══════╪═══════╪═══════╪═══════╪═══════╪═══════╪═══════╪═══════╪═══════╪═══════╡
│ 61754 │ 57323 │ 57237 │ 57534 │ 57701 │ 57660 │ 61191 │ 57314 │ 57328 │ 57639 │ 57429 │ 57196 │ 60617 │ 57176 │ 57309 │ 57365 │ 57600 │ 61203 │
╘═══════╧═══════╧═══════╧═══════╧═══════╧═══════╧═══════╧═══════╧═══════╧═══════╧═══════╧═══════╧═══════╧═══════╧═══════╧═══════╧═══════╧═══════╛
True
--------------------------------------------------------------------------------
Optimized GPU for Large Matrix:
Histogram:
╒═══════╤═══════╤═══════╤═══════╤═══════╤═══════╤═══════╤═══════╤═══════╤═══════╤═══════╤═══════╤═══════╤═══════╤═══════╤═══════╤═══════╤═══════╕
│     0 │     1 │     2 │     3 │     4 │     5 │     6 │     7 │     8 │     9 │    10 │    11 │    12 │    13 │    14 │    15 │    16 │    17 │
╞═══════╪═══════╪═══════╪═══════╪═══════╪═══════╪═══════╪═══════╪═══════╪═══════╪═══════╪═══════╪═══════╪═══════╪═══════╪═══════╪═══════╪═══════╡
│ 60944 │ 57570 │ 57293 │ 57687 │ 56858 │ 57298 │ 61642 │ 57604 │ 57642 │ 57372 │ 57721 │ 57414 │ 61328 │ 56987 │ 57448 │ 57095 │ 57138 │ 61535 │
╘═══════╧═══════╧═══════╧═══════╧═══════╧═══════╧═══════╧═══════╧═══════╧═══════╧═══════╧═══════╧═══════╧═══════╧═══════╧═══════╧═══════╧═══════╛
Histogram:
╒═══════╤═══════╤═══════╤═══════╤═══════╤═══════╤═══════╤═══════╤═══════╤═══════╤═══════╤═══════╤═══════╤═══════╤═══════╤═══════╤═══════╤═══════╕
│     0 │     1 │     2 │     3 │     4 │     5 │     6 │     7 │     8 │     9 │    10 │    11 │    12 │    13 │    14 │    15 │    16 │    17 │
╞═══════╪═══════╪═══════╪═══════╪═══════╪═══════╪═══════╪═══════╪═══════╪═══════╪═══════╪═══════╪═══════╪═══════╪═══════╪═══════╪═══════╪═══════╡
│ 61377 │ 57556 │ 57220 │ 57381 │ 57216 │ 57322 │ 61534 │ 57557 │ 57373 │ 57295 │ 57212 │ 57230 │ 61296 │ 57576 │ 57423 │ 57221 │ 57019 │ 61768 │
╘═══════╧═══════╧═══════╧═══════╧═══════╧═══════╧═══════╧═══════╧═══════╧═══════╧═══════╧═══════╧═══════╧═══════╧═══════╧═══════╧═══════╧═══════╛
True
--------------------------------------------------------------------------------
Custom Print Time
Time Taken by Kernels:
╒════════╤═════════════╤═════════════╤══════════════╕
│        │       small │      medium │        large │
╞════════╪═════════════╪═════════════╪══════════════╡
│ python │ 0.0759189   │ 4.49882     │ 70.8394      │
├────────┼─────────────┼─────────────┼──────────────┤
│ naive  │ 0.000409842 │ 0.000188112 │  0.000288963 │
├────────┼─────────────┼─────────────┼──────────────┤
│ opt    │ 0.000201941 │ 0.000204086 │  0.0017221   │
╘════════╧═════════════╧═════════════╧══════════════╛
--------------------------------------------------------------------------------
SeqTimes: 
[0.07591891288757324, 4.498821973800659, 70.83942198753357]
--------------------------------------------------------------------------------
NaiveTimes: 
[0.00040984153747558594, 0.0001881122589111328, 0.00028896331787109375]
--------------------------------------------------------------------------------
OptiTimes: 
[0.00020194053649902344, 0.0002040863037109375, 0.001722097396850586]
--------------------------------------------------------------------------------
Custom Print Speedup
Speedup(Naive/Optimized):
╒═══════════════╤════════════════╤═══════════════╕
│   small_image │   medium_image │   large_image │
╞═══════════════╪════════════════╪═══════════════╡
│       2.02952 │       0.921729 │      0.167797 │
╘═══════════════╧════════════════╧═══════════════╛
--------------------------------------------------------------------------------
Custom Histogram Equal
Size 2^10x2^10
All the histograms are equal!!
Size 2^13x2^13
All the histograms are equal!!
Size 2^15x2^15
All the histograms are equal!!
--------------------------------------------------------------------------------
