Sequential 2^10x2^10
side
1
Histogram:
╒═══════╤═══════╤═══════╤═══════╤═══════╤═══════╤═══════╤═══════╤═══════╤═══════╤═══════╤═══════╤═══════╤═══════╤═══════╤═══════╤═══════╤═══════╕
│     0 │     1 │     2 │     3 │     4 │     5 │     6 │     7 │     8 │     9 │    10 │    11 │    12 │    13 │    14 │    15 │    16 │    17 │
╞═══════╪═══════╪═══════╪═══════╪═══════╪═══════╪═══════╪═══════╪═══════╪═══════╪═══════╪═══════╪═══════╪═══════╪═══════╪═══════╪═══════╪═══════╡
│ 60944 │ 57570 │ 57293 │ 57687 │ 56858 │ 57298 │ 61642 │ 57604 │ 57642 │ 57372 │ 57721 │ 57414 │ 61328 │ 56987 │ 57448 │ 57095 │ 57138 │ 61535 │
╘═══════╧═══════╧═══════╧═══════╧═══════╧═══════╧═══════╧═══════╧═══════╧═══════╧═══════╧═══════╧═══════╧═══════╧═══════╧═══════╧═══════╧═══════╛
Sequential 2^13x2^13
side
8
Histogram:
╒═══════╤═══════╤═══════╤═══════╤═══════╤═══════╤═══════╤═══════╤═══════╤═══════╤═══════╤═══════╤═══════╤═══════╤═══════╤═══════╤═══════╤═══════╕
│     0 │     1 │     2 │     3 │     4 │     5 │     6 │     7 │     8 │     9 │    10 │    11 │    12 │    13 │    14 │    15 │    16 │    17 │
╞═══════╪═══════╪═══════╪═══════╪═══════╪═══════╪═══════╪═══════╪═══════╪═══════╪═══════╪═══════╪═══════╪═══════╪═══════╪═══════╪═══════╪═══════╡
│ 60944 │ 57570 │ 57293 │ 57687 │ 56858 │ 57298 │ 61642 │ 57604 │ 57642 │ 57372 │ 57721 │ 57414 │ 61328 │ 56987 │ 57448 │ 57095 │ 57138 │ 61535 │
╘═══════╧═══════╧═══════╧═══════╧═══════╧═══════╧═══════╧═══════╧═══════╧═══════╧═══════╧═══════╧═══════╧═══════╧═══════╧═══════╧═══════╧═══════╛
Histogram:
╒═══════╤═══════╤═══════╤═══════╤═══════╤═══════╤═══════╤═══════╤═══════╤═══════╤═══════╤═══════╤═══════╤═══════╤═══════╤═══════╤═══════╤═══════╕
│     0 │     1 │     2 │     3 │     4 │     5 │     6 │     7 │     8 │     9 │    10 │    11 │    12 │    13 │    14 │    15 │    16 │    17 │
╞═══════╪══